
2024-04-13 19:05:22 PUT: 
2024-04-13 19:05:22 POST: {"money":"1","coin_code":"USDT","coin_rate":"1","coin_amount":"1","appid":"NV76IJEJITY7RSZ6","type":"order","order_num":"S1713006269382174","t_order_num":"SY2404131904292388","stamp":"1713006322","user_id":"0","signature":"2e5d67a15b680479b216756837be24bc"}
验签失败2024-04-13 19:05:52 PUT: 
2024-04-13 19:05:52 POST: {"money":"1","coin_code":"USDT","coin_rate":"1","coin_amount":"1","appid":"NV76IJEJITY7RSZ6","type":"order","order_num":"S1713006269382174","t_order_num":"SY2404131904292388","stamp":"1713006352","user_id":"0","signature":"e022db192b59a197c46a1c05a2b0f116"}
验签失败2024-04-13 19:06:52 PUT: 
2024-04-13 19:06:52 POST: {"money":"1","coin_code":"USDT","coin_rate":"1","coin_amount":"1","appid":"NV76IJEJITY7RSZ6","type":"order","order_num":"S1713006269382174","t_order_num":"SY2404131904292388","stamp":"1713006412","user_id":"0","signature":"519ce417cd2352252eecf210e1d0dc03"}
验签失败2024-04-13 19:08:52 PUT: 
2024-04-13 19:08:52 POST: {"money":"1","coin_code":"USDT","coin_rate":"1","coin_amount":"1","appid":"NV76IJEJITY7RSZ6","type":"order","order_num":"S1713006269382174","t_order_num":"SY2404131904292388","stamp":"1713006532","user_id":"0","signature":"f7f9891cac278adcebd63990a83b10ba"}
验签失败2024-04-13 19:13:52 PUT: 
2024-04-13 19:13:52 POST: {"money":"1","coin_code":"USDT","coin_rate":"1","coin_amount":"1","appid":"NV76IJEJITY7RSZ6","type":"order","order_num":"S1713006269382174","t_order_num":"SY2404131904292388","stamp":"1713006832","user_id":"0","signature":"d1eb5830eeb46b06ccd3768e47b26d99"}
2024-04-13 19:31:49 PUT: 
2024-04-13 19:31:49 POST: {"money":"1","coin_code":"USDT","coin_rate":"1","coin_amount":"1","appid":"NV76IJEJITY7RSZ6","type":"order","order_num":"S1713007846843419","t_order_num":"SY2404131930459364","stamp":"1713007909","user_id":"0","signature":"189d40226c65281383167c233b4c38c9"}
充值成功2024-04-17 19:45:00 PUT: 
2024-04-17 19:45:00 POST: {"money":"199.84","coin_code":"USDT","coin_rate":"1","coin_amount":"199.84","appid":"NV76IJEJITY7RSZ6","type":"order","order_num":"S1713354092397761","t_order_num":"SY2404171941324307","stamp":"1713354300","user_id":"0","signature":"ddf8f1b6a24bcae968295352d99d702a"}
充值成功2024-04-17 20:15:52 PUT: 
2024-04-17 20:15:52 POST: {"money":"291.58","coin_code":"USDT","coin_rate":"1","coin_amount":"291.58","appid":"NV76IJEJITY7RSZ6","type":"order","order_num":"S1713356003597976","t_order_num":"SY2404172013236429","stamp":"1713356151","user_id":"0","signature":"6146e7ee955d865d6fcbb6b82b46d8c4"}
充值成功2024-04-18 09:48:25 PUT: 
2024-04-18 09:48:25 POST: {"money":"497.3","coin_code":"USDT","coin_rate":"1","coin_amount":"497.3","appid":"NV76IJEJITY7RSZ6","type":"order","order_num":"S1713404748129807","t_order_num":"SY2404180945486942","stamp":"1713404905","user_id":"0","signature":"393e8f5e8ab23dd9020f38288dd1d34c"}
充值成功2024-04-19 20:03:41 PUT: 
2024-04-19 20:03:41 POST: {"money":"975.56","coin_code":"USDT","coin_rate":"1","coin_amount":"975.56","appid":"NV76IJEJITY7RSZ6","type":"order","order_num":"S1713528013398147","t_order_num":"SY2404192000128634","stamp":"1713528220","user_id":"0","signature":"0dc113d171570ea221ac960d131ec228"}
充值成功2024-04-19 21:10:39 PUT: 
2024-04-19 21:10:39 POST: {"money":"60","coin_code":"USDT","coin_rate":"1","coin_amount":"60","appid":"NV76IJEJITY7RSZ6","type":"order","order_num":"S1713532138137442","t_order_num":"SY2404192108582245","stamp":"1713532238","user_id":"0","signature":"016dc2c84add909b8c19e19a39a323af"}
充值成功2024-04-20 00:30:43 PUT: 
2024-04-20 00:30:43 POST: {"money":"251.66","coin_code":"USDT","coin_rate":"1","coin_amount":"251.66","appid":"NV76IJEJITY7RSZ6","type":"order","order_num":"S1713544140506712","t_order_num":"SY2404200029009326","stamp":"1713544243","user_id":"0","signature":"13cd3e80b568d38877c6a4d136e6ea78"}
充值成功2024-04-20 14:54:00 PUT: 
2024-04-20 14:54:00 POST: {"money":"50","coin_code":"USDT","coin_rate":"1","coin_amount":"50","appid":"NV76IJEJITY7RSZ6","type":"order","order_num":"S1713595911878746","t_order_num":"SY2404201451511990","stamp":"1713596039","user_id":"0","signature":"afa056e89a1df101db5dcddd0d199640"}
充值成功2024-04-20 19:13:51 PUT: 
2024-04-20 19:13:51 POST: {"money":"305.02","coin_code":"USDT","coin_rate":"1","coin_amount":"305.02","appid":"NV76IJEJITY7RSZ6","type":"order","order_num":"S1713611549112556","t_order_num":"SY2404201912281034","stamp":"1713611630","user_id":"0","signature":"1a4bfc4c8c34c8ae300610f642fdfc34"}
充值成功2024-04-20 20:14:37 PUT: 
2024-04-20 20:14:37 POST: {"money":"453","coin_code":"USDT","coin_rate":"1","coin_amount":"453","appid":"NV76IJEJITY7RSZ6","type":"order","order_num":"S1713615187866054","t_order_num":"SY2404202013071970","stamp":"1713615276","user_id":"0","signature":"ea771e6d13117c94915e2b4282d4f4a3"}
充值成功2024-04-20 20:23:34 PUT: 
2024-04-20 20:23:34 POST: {"money":"725","coin_code":"USDT","coin_rate":"1","coin_amount":"725","appid":"NV76IJEJITY7RSZ6","type":"order","order_num":"S1713615761937083","t_order_num":"SY2404202022419387","stamp":"1713615813","user_id":"0","signature":"9f0bec5d996fea8d02203529280121b0"}
充值成功2024-04-20 21:08:49 PUT: 
2024-04-20 21:08:49 POST: {"money":"1438","coin_code":"USDT","coin_rate":"1","coin_amount":"1438","appid":"NV76IJEJITY7RSZ6","type":"order","order_num":"S1713618428371233","t_order_num":"SY2404202107085523","stamp":"1713618529","user_id":"0","signature":"9bd768e79042c00e56264d4b87f80964"}
充值成功2024-04-20 23:10:57 PUT: 
2024-04-20 23:10:57 POST: {"money":"1000","coin_code":"USDT","coin_rate":"1","coin_amount":"1000","appid":"NV76IJEJITY7RSZ6","type":"order","order_num":"S1713625766724842","t_order_num":"SY2404202309269703","stamp":"1713625856","user_id":"0","signature":"3dfbb4bbe6e2f75cba7ab5fe8027afcf"}
充值成功2024-04-20 23:12:18 PUT: 
2024-04-20 23:12:18 POST: {"money":"1000","coin_code":"USDT","coin_rate":"1","coin_amount":"1000","appid":"NV76IJEJITY7RSZ6","type":"order","order_num":"S1713625876544657","t_order_num":"SY2404202311168324","stamp":"1713625937","user_id":"0","signature":"13e77152af93977fb0db10fc421262c1"}
充值成功2024-04-20 23:33:30 PUT: 
2024-04-20 23:33:30 POST: {"money":"500","coin_code":"USDT","coin_rate":"1","coin_amount":"500","appid":"NV76IJEJITY7RSZ6","type":"order","order_num":"S1713627106196560","t_order_num":"SY2404202331464795","stamp":"1713627209","user_id":"0","signature":"c1ae63d482a877d652ee7ddfb37f9cda"}
充值成功2024-04-20 23:35:39 PUT: 
2024-04-20 23:35:39 POST: {"money":"239","coin_code":"USDT","coin_rate":"1","coin_amount":"239","appid":"NV76IJEJITY7RSZ6","type":"order","order_num":"S1713627241952942","t_order_num":"SY2404202334011363","stamp":"1713627338","user_id":"0","signature":"c64191408da2fa3626bf2502f2650d2d"}
充值成功2024-04-20 23:40:18 PUT: 
2024-04-20 23:40:18 POST: {"money":"100","coin_code":"USDT","coin_rate":"1","coin_amount":"100","appid":"NV76IJEJITY7RSZ6","type":"order","order_num":"S1713627519433049","t_order_num":"SY2404202338396971","stamp":"1713627618","user_id":"0","signature":"e102b4bb61fa6d688086c73c2824a108"}
充值成功2024-04-20 23:42:09 PUT: 
2024-04-20 23:42:09 POST: {"money":"60","coin_code":"USDT","coin_rate":"1","coin_amount":"60","appid":"NV76IJEJITY7RSZ6","type":"order","order_num":"S1713627657743640","t_order_num":"SY2404202340572736","stamp":"1713627729","user_id":"0","signature":"73263ea663d4db1df944f8512a588544"}
充值成功2024-04-20 23:55:43 PUT: 
2024-04-20 23:55:43 POST: {"money":"40","coin_code":"USDT","coin_rate":"1","coin_amount":"40","appid":"NV76IJEJITY7RSZ6","type":"order","order_num":"S1713628466444514","t_order_num":"SY2404202354269319","stamp":"1713628542","user_id":"0","signature":"b8d97121ec8aaf3a2b4f2f8a651476d1"}
充值成功2024-04-22 15:15:41 PUT: 
2024-04-22 15:15:41 POST: {"money":"10","coin_code":"USDT","coin_rate":"1","coin_amount":"10","appid":"NV76IJEJITY7RSZ6","type":"order","order_num":"S1713770065542103","t_order_num":"SY2404221514259748","stamp":"1713770140","user_id":"0","signature":"8fb384c55476e40fa46f8ef3e54b3e6c"}
充值成功2024-04-23 06:55:36 PUT: 
2024-04-23 06:55:36 POST: {"money":"20","coin_code":"USDT","coin_rate":"1","coin_amount":"20","appid":"NV76IJEJITY7RSZ6","type":"order","order_num":"S1713826437371776","t_order_num":"SY2404230653575475","stamp":"1713826536","user_id":"0","signature":"f7303a774bbca181a1e3114c1eb596cb"}
充值成功2024-04-23 12:07:25 PUT: 
2024-04-23 12:07:25 POST: {"money":"75","coin_code":"USDT","coin_rate":"1","coin_amount":"75","appid":"NV76IJEJITY7RSZ6","type":"order","order_num":"S1713845168965366","t_order_num":"SY2404231206082229","stamp":"1713845244","user_id":"0","signature":"a3181abea1c1eb8c14f04950e5533b1b"}
充值成功2024-04-26 04:22:56 PUT: 
2024-04-26 04:22:56 POST: {"money":"33","coin_code":"USDT","coin_rate":"1","coin_amount":"33","appid":"NV76IJEJITY7RSZ6","type":"order","order_num":"S1714076106675109","t_order_num":"SY2404260415064033","stamp":"1714076575","user_id":"0","signature":"b0332a4800999799b6e38100732bcedb"}
充值成功2024-04-27 03:33:03 PUT: 
2024-04-27 03:33:03 POST: {"money":"25","coin_code":"USDT","coin_rate":"1","coin_amount":"25","appid":"NV76IJEJITY7RSZ6","type":"order","order_num":"S1714159843433588","t_order_num":"SY2404270330431874","stamp":"1714159983","user_id":"0","signature":"4c21c7afdbd50459bea8c864340e8b5e"}
充值成功2024-04-27 18:38:38 PUT: 
2024-04-27 18:38:38 POST: {"money":"160","coin_code":"USDT","coin_rate":"1","coin_amount":"160","appid":"NV76IJEJITY7RSZ6","type":"order","order_num":"S1714214111475731","t_order_num":"SY2404271835119175","stamp":"1714214317","user_id":"0","signature":"12a32712c6088c4c7ea9441ee2106b8b"}
充值成功2024-04-28 00:41:06 PUT: 
2024-04-28 00:41:06 POST: {"money":"61","coin_code":"USDT","coin_rate":"1","coin_amount":"61","appid":"NV76IJEJITY7RSZ6","type":"order","order_num":"S1714236014869566","t_order_num":"SY2404280040148228","stamp":"1714236066","user_id":"0","signature":"944d31149ffd9a1b04e98a773f18f8f2"}
充值成功2024-04-28 18:11:01 PUT: 
2024-04-28 18:11:01 POST: {"money":"101","coin_code":"USDT","coin_rate":"1","coin_amount":"101","appid":"NV76IJEJITY7RSZ6","type":"order","order_num":"S1714298555150187","t_order_num":"SY2404281802357559","stamp":"1714299060","user_id":"0","signature":"eec33a8afa02030e186db2cc09e607f8"}
充值成功2024-04-28 18:31:25 PUT: 
2024-04-28 18:31:25 POST: {"money":"210","coin_code":"USDT","coin_rate":"1","coin_amount":"210","appid":"NV76IJEJITY7RSZ6","type":"order","order_num":"S1714300252353847","t_order_num":"SY2404281830528659","stamp":"1714300284","user_id":"0","signature":"443522e941bab9b46da6e6572e9d5dc9"}
充值成功2024-04-28 18:42:16 PUT: 
2024-04-28 18:42:16 POST: {"money":"100","coin_code":"USDT","coin_rate":"1","coin_amount":"100","appid":"NV76IJEJITY7RSZ6","type":"order","order_num":"S1714300893910608","t_order_num":"SY2404281841339171","stamp":"1714300935","user_id":"0","signature":"7c02da66c514090e2712a3b4515baa2f"}
充值成功2024-04-29 18:12:06 PUT: 
2024-04-29 18:12:06 POST: {"money":"33","coin_code":"USDT","coin_rate":"1","coin_amount":"33","appid":"NV76IJEJITY7RSZ6","type":"order","order_num":"S1714385308377671","t_order_num":"SY2404291808288058","stamp":"1714385525","user_id":"0","signature":"63f7d8aaafb0abe0ba3863c6a9786e12"}
充值成功2024-04-29 18:17:15 PUT: 
2024-04-29 18:17:15 POST: {"money":"64","coin_code":"USDT","coin_rate":"1","coin_amount":"64","appid":"NV76IJEJITY7RSZ6","type":"order","order_num":"S1714385755840990","t_order_num":"SY2404291815555317","stamp":"1714385834","user_id":"0","signature":"2608fe83970875bcc1ec0c3b02687735"}
充值成功2024-04-29 19:45:22 PUT: 
2024-04-29 19:45:22 POST: {"money":"30","coin_code":"USDT","coin_rate":"1","coin_amount":"30","appid":"NV76IJEJITY7RSZ6","type":"order","order_num":"S1714390860815151","t_order_num":"SY2404291940592956","stamp":"1714391121","user_id":"0","signature":"ad5ee05d18faab9d3b8a93f8ed3d6178"}
充值成功2024-04-29 22:37:29 PUT: 
2024-04-29 22:37:29 POST: {"money":"277","coin_code":"USDT","coin_rate":"1","coin_amount":"277","appid":"NV76IJEJITY7RSZ6","type":"order","order_num":"S1714401376862218","t_order_num":"SY2404292236162947","stamp":"1714401449","user_id":"0","signature":"77e78b084fef4eea97b1a09107cfdf16"}
充值成功2024-04-29 22:51:03 PUT: 
2024-04-29 22:51:03 POST: {"money":"92","coin_code":"USDT","coin_rate":"1","coin_amount":"92","appid":"NV76IJEJITY7RSZ6","type":"order","order_num":"S1714401876597686","t_order_num":"SY2404292244369644","stamp":"1714402262","user_id":"0","signature":"f854dd534689f6e9909c5c5015cb0507"}
充值成功2024-04-29 23:12:30 PUT: 
2024-04-29 23:12:30 POST: {"money":"449","coin_code":"USDT","coin_rate":"1","coin_amount":"449","appid":"NV76IJEJITY7RSZ6","type":"order","order_num":"S1714403483106269","t_order_num":"SY2404292311233732","stamp":"1714403550","user_id":"0","signature":"bab4176814483f3f0739b56a5422a518"}
充值成功2024-04-30 01:10:44 PUT: 
2024-04-30 01:10:44 POST: {"money":"1172","coin_code":"USDT","coin_rate":"1","coin_amount":"1172","appid":"NV76IJEJITY7RSZ6","type":"order","order_num":"S1714410501559772","t_order_num":"SY2404300108214762","stamp":"1714410643","user_id":"0","signature":"9245055b9ea2e34ed7cbc8e976baf2e6"}
充值成功2024-04-30 04:20:21 PUT: 
2024-04-30 04:20:21 POST: {"money":"106","coin_code":"USDT","coin_rate":"1","coin_amount":"106","appid":"NV76IJEJITY7RSZ6","type":"order","order_num":"S1714465045646974","t_order_num":"SY2404300417252484","stamp":"1714465221","user_id":"0","signature":"a06eddd5f84712746893e06c791728f9"}
充值成功2024-04-30 06:31:26 PUT: 
2024-04-30 06:31:26 POST: {"money":"2430","coin_code":"USDT","coin_rate":"1","coin_amount":"2430","appid":"NV76IJEJITY7RSZ6","type":"order","order_num":"S1714473003966338","t_order_num":"SY2404300630022614","stamp":"1714473085","user_id":"0","signature":"e4326c0e299caa687549c46b0ff1e341"}
充值成功2024-04-30 07:00:38 PUT: 
2024-04-30 07:00:38 POST: {"money":"4960","coin_code":"USDT","coin_rate":"1","coin_amount":"4960","appid":"NV76IJEJITY7RSZ6","type":"order","order_num":"S1714474752763518","t_order_num":"SY2404300659128502","stamp":"1714474838","user_id":"0","signature":"22375c8496f596cb38ae0d067a2836fa"}
充值成功2024-04-30 08:58:49 PUT: 
2024-04-30 08:58:49 POST: {"money":"45","coin_code":"USDT","coin_rate":"1","coin_amount":"45","appid":"NV76IJEJITY7RSZ6","type":"order","order_num":"S1714481729282686","t_order_num":"SY2404300855294344","stamp":"1714481928","user_id":"0","signature":"8c412890553a38d3cc2ece6925460562"}
充值成功2024-04-30 14:00:34 PUT: 
2024-04-30 14:00:34 POST: {"money":"165","coin_code":"USDT","coin_rate":"1","coin_amount":"165","appid":"NV76IJEJITY7RSZ6","type":"order","order_num":"S1714499887617393","t_order_num":"SY2404301358073534","stamp":"1714500034","user_id":"0","signature":"85cfe7e40bfbae547786faa7792d6c4b"}
充值成功2024-04-30 15:40:50 PUT: 
2024-04-30 15:40:50 POST: {"money":"300","coin_code":"USDT","coin_rate":"1","coin_amount":"300","appid":"NV76IJEJITY7RSZ6","type":"order","order_num":"S1714505971605986","t_order_num":"SY2404301539317169","stamp":"1714506050","user_id":"0","signature":"d9f72613fb934176f90c0d8d99381656"}
充值成功2024-05-01 02:37:52 PUT: 
2024-05-01 02:37:52 POST: {"money":"272","coin_code":"USDT","coin_rate":"1","coin_amount":"272","appid":"NV76IJEJITY7RSZ6","type":"order","order_num":"S1714545393208795","t_order_num":"SY2405010236335955","stamp":"1714545472","user_id":"0","signature":"da54a6236117b114d0fd6c2182625928"}
充值成功2024-05-01 03:46:23 PUT: 
2024-05-01 03:46:23 POST: {"money":"427","coin_code":"USDT","coin_rate":"1","coin_amount":"427","appid":"NV76IJEJITY7RSZ6","type":"order","order_num":"S1714549472368932","t_order_num":"SY2405010344329600","stamp":"1714549582","user_id":"0","signature":"681bea1f4c4b075e9b6b67c9f4e3597b"}
充值成功2024-05-02 04:39:16 PUT: 
2024-05-02 04:39:16 POST: {"money":"293","coin_code":"USDT","coin_rate":"1","coin_amount":"293","appid":"NV76IJEJITY7RSZ6","type":"order","order_num":"S1714639090755476","t_order_num":"SY2405020438102334","stamp":"1714639156","user_id":"0","signature":"79e9ab5f7fa32939c08643a7184be896"}
充值成功2024-05-02 04:45:17 PUT: 
2024-05-02 04:45:17 POST: {"money":"191","coin_code":"USDT","coin_rate":"1","coin_amount":"191","appid":"NV76IJEJITY7RSZ6","type":"order","order_num":"S1714639440139462","t_order_num":"SY2405020444003446","stamp":"1714639516","user_id":"0","signature":"e6a760ac578ddc8d18fd511d6b5c50a3"}
充值成功2024-05-02 04:48:38 PUT: 
2024-05-02 04:48:38 POST: {"money":"40","coin_code":"USDT","coin_rate":"1","coin_amount":"40","appid":"NV76IJEJITY7RSZ6","type":"order","order_num":"S1714639650341456","t_order_num":"SY2405020447306449","stamp":"1714639717","user_id":"0","signature":"80ddd3971cc5e60ad1e3add9165eb789"}
充值成功2024-05-03 06:51:59 PUT: 
2024-05-03 06:51:59 POST: {"money":"287","coin_code":"USDT","coin_rate":"1","coin_amount":"287","appid":"NV76IJEJITY7RSZ6","type":"order","order_num":"S1714733443539622","t_order_num":"SY2405030650436311","stamp":"1714733519","user_id":"0","signature":"677bf71f6cb4d52b8937b936a8515244"}
充值成功2024-05-03 07:20:41 PUT: 
2024-05-03 07:20:41 POST: {"money":"450","coin_code":"USDT","coin_rate":"1","coin_amount":"450","appid":"NV76IJEJITY7RSZ6","type":"order","order_num":"S1714735176760477","t_order_num":"SY2405030719367788","stamp":"1714735241","user_id":"0","signature":"ca32f11af948957266c15e293c1229e9"}
充值成功2024-05-03 07:52:21 PUT: 
2024-05-03 07:52:21 POST: {"money":"762","coin_code":"USDT","coin_rate":"1","coin_amount":"762","appid":"NV76IJEJITY7RSZ6","type":"order","order_num":"S1714737074743193","t_order_num":"SY2405030751146978","stamp":"1714737140","user_id":"0","signature":"db5f5675471d52677114c7c45d99a8c3"}
充值成功2024-05-03 10:43:44 PUT: 
2024-05-03 10:43:44 POST: {"money":"1497","coin_code":"USDT","coin_rate":"1","coin_amount":"1497","appid":"NV76IJEJITY7RSZ6","type":"order","order_num":"S1714747363606099","t_order_num":"SY2405031042434521","stamp":"1714747423","user_id":"0","signature":"f05b46c13996f9007cfb816a5dc7dd2b"}
充值成功2024-05-03 10:46:44 PUT: 
2024-05-03 10:46:44 POST: {"money":"191","coin_code":"USDT","coin_rate":"1","coin_amount":"191","appid":"NV76IJEJITY7RSZ6","type":"order","order_num":"S1714747538907769","t_order_num":"SY2405031045382523","stamp":"1714747603","user_id":"0","signature":"b07614f98902aa50d2aae5b0c5582af9"}
充值成功2024-05-03 11:39:47 PUT: 
2024-05-03 11:39:47 POST: {"money":"2960","coin_code":"USDT","coin_rate":"1","coin_amount":"2960","appid":"NV76IJEJITY7RSZ6","type":"order","order_num":"S1714750716202679","t_order_num":"SY2405031138368257","stamp":"1714750787","user_id":"0","signature":"1f1ffb8fd78dc6e35f01af7fae39ccb5"}
充值成功2024-05-06 02:10:11 PUT: 
2024-05-06 02:10:11 POST: {"money":"1463.58","coin_code":"USDT","coin_rate":"1","coin_amount":"1463.58","appid":"NV76IJEJITY7RSZ6","type":"order","order_num":"S1714975576957321","t_order_num":"SY2405060206161626","stamp":"1714975811","user_id":"0","signature":"7eb9b88b71c7630a483c96be256f5c65"}
充值成功2024-05-06 05:14:10 PUT: 
2024-05-06 05:14:10 POST: {"money":"69","coin_code":"USDT","coin_rate":"1","coin_amount":"69","appid":"NV76IJEJITY7RSZ6","type":"order","order_num":"S1714986745870934","t_order_num":"SY2405060512258206","stamp":"1714986850","user_id":"0","signature":"2be1b6dd848feb78ed95f626a287cf97"}
充值成功2024-05-07 04:58:48 PUT: 
2024-05-07 04:58:48 POST: {"money":"189","coin_code":"USDT","coin_rate":"1","coin_amount":"189","appid":"NV76IJEJITY7RSZ6","type":"order","order_num":"S1715072218815779","t_order_num":"SY2405070456589477","stamp":"1715072328","user_id":"0","signature":"151881bf6a624fceb74fa8c3d710a8c8"}
充值成功2024-05-07 22:54:31 PUT: 
2024-05-07 22:54:31 POST: {"money":"422","coin_code":"USDT","coin_rate":"1","coin_amount":"422","appid":"NV76IJEJITY7RSZ6","type":"order","order_num":"S1715136766121892","t_order_num":"SY2405072252466372","stamp":"1715136871","user_id":"0","signature":"a2906ea56607ab210545cb1e30032a82"}
充值成功2024-05-08 00:40:09 PUT: 
2024-05-08 00:40:09 POST: {"money":"785","coin_code":"USDT","coin_rate":"1","coin_amount":"785","appid":"NV76IJEJITY7RSZ6","type":"order","order_num":"S1715143157424143","t_order_num":"SY2405080039173125","stamp":"1715143208","user_id":"0","signature":"d0035dfb01c4045eafbadae4dcce0d50"}
充值成功2024-05-09 10:16:27 PUT: 
2024-05-09 10:16:27 POST: {"money":"31","coin_code":"USDT","coin_rate":"1","coin_amount":"31","appid":"NV76IJEJITY7RSZ6","type":"order","order_num":"S1715263899398506","t_order_num":"SY2405091011391194","stamp":"1715264186","user_id":"0","signature":"98e9be781c150ea203f4a55fa794c60b"}
充值成功2024-05-09 10:31:21 PUT: 
2024-05-09 10:31:21 POST: {"money":"140","coin_code":"USDT","coin_rate":"1","coin_amount":"140","appid":"NV76IJEJITY7RSZ6","type":"order","order_num":"S1715264969970121","t_order_num":"SY2405091029293127","stamp":"1715265080","user_id":"0","signature":"5ff078e099893d5d9342df249efc3f14"}
充值成功2024-05-10 09:55:02 PUT: 
2024-05-10 09:55:02 POST: {"money":"32","coin_code":"USDT","coin_rate":"1","coin_amount":"32","appid":"NV76IJEJITY7RSZ6","type":"order","order_num":"S1715349219409573","t_order_num":"SY2405100953394854","stamp":"1715349301","user_id":"0","signature":"e749bc8c22a231d99809f894eb1a1a38"}
充值成功2024-05-11 10:26:19 PUT: 
2024-05-11 10:26:19 POST: {"money":"60","coin_code":"USDT","coin_rate":"1","coin_amount":"60","appid":"NV76IJEJITY7RSZ6","type":"order","order_num":"S1715437508354538","t_order_num":"SY2405111025076742","stamp":"1715437579","user_id":"0","signature":"2703d8cf14d1085bddd2ee663101df9f"}
充值成功2024-05-12 11:05:46 PUT: 
2024-05-12 11:05:46 POST: {"money":"185","coin_code":"USDT","coin_rate":"1","coin_amount":"185","appid":"NV76IJEJITY7RSZ6","type":"order","order_num":"S1715526274753553","t_order_num":"SY2405121104342313","stamp":"1715526346","user_id":"0","signature":"cdad21664d50420fbca310dafa661f9c"}
充值成功2024-05-13 15:06:18 PUT: 
2024-05-13 15:06:18 POST: {"money":"296","coin_code":"USDT","coin_rate":"1","coin_amount":"296","appid":"NV76IJEJITY7RSZ6","type":"order","order_num":"S1715627105613186","t_order_num":"SY2405131505044834","stamp":"1715627178","user_id":"0","signature":"d0487a9716f98a400c0e1099c1863850"}
充值成功2024-05-16 07:23:38 PUT: 
2024-05-16 07:23:38 POST: {"money":"499","coin_code":"USDT","coin_rate":"1","coin_amount":"499","appid":"NV76IJEJITY7RSZ6","type":"order","order_num":"S1715858507360020","t_order_num":"SY2405160721473415","stamp":"1715858618","user_id":"0","signature":"b7e2ce0be6d79462ee4a712f33ec5ac8"}
充值成功2024-05-17 10:34:54 PUT: 
2024-05-17 10:34:54 POST: {"money":"13","coin_code":"USDT","coin_rate":"1","coin_amount":"13","appid":"NV76IJEJITY7RSZ6","type":"order","order_num":"S1715956326396404","t_order_num":"SY2405171032069080","stamp":"1715956491","user_id":"0","signature":"ae8213e9e95dd7d59cfd58cdb8dae38d"}
充值成功2024-05-17 14:05:00 PUT: 
2024-05-17 14:05:00 POST: {"money":"694","coin_code":"USDT","coin_rate":"1","coin_amount":"694","appid":"NV76IJEJITY7RSZ6","type":"order","order_num":"S1715969042232261","t_order_num":"SY2405171404028088","stamp":"1715969100","user_id":"0","signature":"b956ec9e3fe1f9d9032861953877d230"}
充值成功2024-05-18 10:43:39 PUT: 
2024-05-18 10:43:39 POST: {"money":"3","coin_code":"USDT","coin_rate":"1","coin_amount":"3","appid":"NV76IJEJITY7RSZ6","type":"order","order_num":"S1716043015587419","t_order_num":"SY2405181036559399","stamp":"1716043419","user_id":"0","signature":"92e58ac5fb9bb93e286486a39021a6ba"}
充值成功2024-05-19 08:11:28 PUT: 
2024-05-19 08:11:28 POST: {"money":"1455","coin_code":"USDT","coin_rate":"1","coin_amount":"1455","appid":"NV76IJEJITY7RSZ6","type":"order","order_num":"S1716120634501094","t_order_num":"SY2405190810347106","stamp":"1716120687","user_id":"0","signature":"4e7f5018cbcba34098bdb886ee954899"}
充值成功2024-05-20 06:02:55 PUT: 
2024-05-20 06:02:55 POST: {"money":"800","coin_code":"USDT","coin_rate":"1","coin_amount":"800","appid":"NV76IJEJITY7RSZ6","type":"order","order_num":"S1716199208699363","t_order_num":"SY2405200600089897","stamp":"1716199375","user_id":"0","signature":"54a55f0c1e6bfbc7e66979e649b987ef"}
充值成功2024-05-21 05:29:10 PUT: 
2024-05-21 05:29:10 POST: {"money":"35","coin_code":"USDT","coin_rate":"1","coin_amount":"35","appid":"NV76IJEJITY7RSZ6","type":"order","order_num":"S1716283544246441","t_order_num":"SY2405210525446493","stamp":"1716283750","user_id":"0","signature":"78ec4127d24cf307e0b7a960bb9e60a2"}
充值成功2024-05-21 11:35:06 PUT: 
2024-05-21 11:35:06 POST: {"money":"65","coin_code":"USDT","coin_rate":"1","coin_amount":"65","appid":"NV76IJEJITY7RSZ6","type":"order","order_num":"S1716305616557507","t_order_num":"SY2405211133353922","stamp":"1716305706","user_id":"0","signature":"17440e24c4f4a1963ced4c5e224095b0"}
充值成功2024-05-28 13:09:17 PUT: 
2024-05-28 13:09:17 POST: {"money":"48","coin_code":"USDT","coin_rate":"1","coin_amount":"48","appid":"NV76IJEJITY7RSZ6","type":"order","order_num":"S1716915903450763","t_order_num":"SY2405281305035938","stamp":"1716916157","user_id":"0","signature":"b24264ebdd0e77f3bfd5ee6ebaabe024"}
充值成功2024-05-28 21:11:18 PUT: 
2024-05-28 21:11:18 POST: {"money":"50","coin_code":"USDT","coin_rate":"1","coin_amount":"50","appid":"NV76IJEJITY7RSZ6","type":"order","order_num":"S1716944803477938","t_order_num":"SY2405282106432697","stamp":"1716945077","user_id":"0","signature":"a7a04053e9b071f38b5b65e5fac2f905"}
充值成功2024-05-29 00:12:08 PUT: 
2024-05-29 00:12:08 POST: {"money":"20","coin_code":"USDT","coin_rate":"1","coin_amount":"20","appid":"NV76IJEJITY7RSZ6","type":"order","order_num":"S1716955804943660","t_order_num":"SY2405290010036363","stamp":"1716955927","user_id":"0","signature":"cf0f6aacaefb1955be92079009fd0b2b"}
充值成功2024-05-29 03:41:28 PUT: 
2024-05-29 03:41:28 POST: {"money":"55","coin_code":"USDT","coin_rate":"1","coin_amount":"55","appid":"NV76IJEJITY7RSZ6","type":"order","order_num":"S1716968348837980","t_order_num":"SY2405290339087990","stamp":"1716968488","user_id":"0","signature":"ac1580a600aa89cad6f5c3e6d25f3f33"}
充值成功2024-05-29 04:12:17 PUT: 
2024-05-29 04:12:17 POST: {"money":"78","coin_code":"USDT","coin_rate":"1","coin_amount":"78","appid":"NV76IJEJITY7RSZ6","type":"order","order_num":"S1716970081133562","t_order_num":"SY2405290408014910","stamp":"1716970336","user_id":"0","signature":"2376bac1286ed699e266e3cb00bce556"}
充值成功2024-05-29 04:29:29 PUT: 
2024-05-29 04:29:29 POST: {"money":"14","coin_code":"USDT","coin_rate":"1","coin_amount":"14","appid":"NV76IJEJITY7RSZ6","type":"order","order_num":"S1716971236489640","t_order_num":"SY2405290427162999","stamp":"1716971369","user_id":"0","signature":"8715bfb78536065eadaef23c73b419e1"}
充值成功2024-05-29 08:45:38 PUT: 
2024-05-29 08:45:38 POST: {"money":"28","coin_code":"USDT","coin_rate":"1","coin_amount":"28","appid":"NV76IJEJITY7RSZ6","type":"order","order_num":"S1716986608754331","t_order_num":"SY2405290843281616","stamp":"1716986738","user_id":"0","signature":"3d456d270a02f2e38bca5171200e812a"}
充值成功2024-05-29 11:44:46 PUT: 
2024-05-29 11:44:46 POST: {"money":"30.75","coin_code":"USDT","coin_rate":"1","coin_amount":"30.75","appid":"NV76IJEJITY7RSZ6","type":"order","order_num":"S1716997389979383","t_order_num":"SY2405291143096072","stamp":"1716997486","user_id":"0","signature":"1b00a64edce281cd5eb82f47add1a446"}
充值成功2024-05-29 13:37:18 PUT: 
2024-05-29 13:37:18 POST: {"money":"102","coin_code":"USDT","coin_rate":"1","coin_amount":"102","appid":"NV76IJEJITY7RSZ6","type":"order","order_num":"S1717004106203164","t_order_num":"SY2405291335065789","stamp":"1717004238","user_id":"0","signature":"4497d04236ebb383cb39759f0471d87a"}
充值成功2024-05-31 03:55:12 PUT: 
2024-05-31 03:55:12 POST: {"money":"257","coin_code":"USDT","coin_rate":"1","coin_amount":"257","appid":"NV76IJEJITY7RSZ6","type":"order","order_num":"S1717141986586120","t_order_num":"SY2405310353067399","stamp":"1717142112","user_id":"0","signature":"4b8d287dbaf2451d8cfedbbb4c57e2e8"}
充值成功2024-05-31 05:22:19 PUT: 
2024-05-31 05:22:19 POST: {"money":"452","coin_code":"USDT","coin_rate":"1","coin_amount":"452","appid":"NV76IJEJITY7RSZ6","type":"order","order_num":"S1717147163293994","t_order_num":"SY2405310519234316","stamp":"1717147339","user_id":"0","signature":"60803044ee27c99e4a5d750d7ebeffb9"}
充值成功2024-05-31 06:11:29 PUT: 
2024-05-31 06:11:29 POST: {"money":"987","coin_code":"USDT","coin_rate":"1","coin_amount":"987","appid":"NV76IJEJITY7RSZ6","type":"order","order_num":"S1717150129783694","t_order_num":"SY2405310608488252","stamp":"1717150288","user_id":"0","signature":"428539efb04252ddbd4cd92ed153ec60"}
充值成功2024-05-31 11:46:09 PUT: 
2024-05-31 11:46:09 POST: {"money":"69","coin_code":"USDT","coin_rate":"1","coin_amount":"69","appid":"NV76IJEJITY7RSZ6","type":"order","order_num":"S1717170049251406","t_order_num":"SY2405311140496507","stamp":"1717170369","user_id":"0","signature":"3015946e0d6e588d52951eaf953c1f35"}
充值成功2024-06-01 10:08:59 PUT: 
2024-06-01 10:08:59 POST: {"money":"41.68","coin_code":"USDT","coin_rate":"1","coin_amount":"41.68","appid":"NV76IJEJITY7RSZ6","type":"order","order_num":"S1717250606594767","t_order_num":"SY2406011003264739","stamp":"1717250939","user_id":"0","signature":"45e4aa6ac561be5e84525cdbc23c3b79"}
充值成功2024-06-01 10:30:51 PUT: 
2024-06-01 10:30:51 POST: {"money":"7","coin_code":"USDT","coin_rate":"1","coin_amount":"7","appid":"NV76IJEJITY7RSZ6","type":"order","order_num":"S1717252194478310","t_order_num":"SY2406011029543175","stamp":"1717252251","user_id":"0","signature":"cfd1ce9040e70894b0ec54cf1be27683"}
充值成功2024-06-01 13:13:41 PUT: 
2024-06-01 13:13:41 POST: {"money":"97","coin_code":"USDT","coin_rate":"1","coin_amount":"97","appid":"NV76IJEJITY7RSZ6","type":"order","order_num":"S1717261745644386","t_order_num":"SY2406011309046010","stamp":"1717262021","user_id":"0","signature":"07347b6021aee375b84038b4340a9928"}
充值成功2024-06-01 14:11:18 PUT: 
2024-06-01 14:11:18 POST: {"money":"126","coin_code":"USDT","coin_rate":"1","coin_amount":"126","appid":"NV76IJEJITY7RSZ6","type":"order","order_num":"S1717265124762175","t_order_num":"SY2406011405241344","stamp":"1717265477","user_id":"0","signature":"6c19cbaedc3a92e4c009a2c66678f2b9"}
充值成功2024-06-01 14:54:03 PUT: 
2024-06-01 14:54:03 POST: {"money":"100","coin_code":"USDT","coin_rate":"1","coin_amount":"100","appid":"NV76IJEJITY7RSZ6","type":"order","order_num":"S1717267936853052","t_order_num":"SY2406011452162036","stamp":"1717268043","user_id":"0","signature":"874a8c4fa9b5781d6e5b3f67356ccbb4"}
充值成功2024-06-02 08:54:32 PUT: 
2024-06-02 08:54:32 POST: {"money":"55","coin_code":"USDT","coin_rate":"1","coin_amount":"55","appid":"NV76IJEJITY7RSZ6","type":"order","order_num":"S1717332580190905","t_order_num":"SY2406020849404738","stamp":"1717332872","user_id":"0","signature":"377ed18b8468b476489fd3dca5563f88"}
充值成功2024-06-03 03:22:25 PUT: 
2024-06-03 03:22:25 POST: {"money":"30","coin_code":"USDT","coin_rate":"1","coin_amount":"30","appid":"NV76IJEJITY7RSZ6","type":"order","order_num":"S1717399237300128","t_order_num":"SY2406030320372589","stamp":"1717399345","user_id":"0","signature":"c230c58955f743e611f8185a5148d378"}
充值成功2024-06-03 03:57:56 PUT: 
2024-06-03 03:57:56 POST: {"money":"62","coin_code":"USDT","coin_rate":"1","coin_amount":"62","appid":"NV76IJEJITY7RSZ6","type":"order","order_num":"S1717401303113419","t_order_num":"SY2406030355032016","stamp":"1717401475","user_id":"0","signature":"5675bb10a38dfb51c6afdabe5735add2"}
充值成功2024-06-03 09:40:51 PUT: 
2024-06-03 09:40:51 POST: {"money":"295","coin_code":"USDT","coin_rate":"1","coin_amount":"295","appid":"NV76IJEJITY7RSZ6","type":"order","order_num":"S1717421937373871","t_order_num":"SY2406030938573977","stamp":"1717422051","user_id":"0","signature":"8a62d79e7b4a28e0237f39ad75837735"}
充值成功2024-06-03 10:14:10 PUT: 
2024-06-03 10:14:10 POST: {"money":"586","coin_code":"USDT","coin_rate":"1","coin_amount":"586","appid":"NV76IJEJITY7RSZ6","type":"order","order_num":"S1717423947138803","t_order_num":"SY2406031012271579","stamp":"1717424049","user_id":"0","signature":"ba2ac3c82cbe4383e0461a39c1dd5f8f"}
充值成功2024-06-03 11:07:40 PUT: 
2024-06-03 11:07:40 POST: {"money":"28","coin_code":"USDT","coin_rate":"1","coin_amount":"28","appid":"NV76IJEJITY7RSZ6","type":"order","order_num":"S1717427188883407","t_order_num":"SY2406031106282222","stamp":"1717427260","user_id":"0","signature":"ae9d0f5339c61b1a116795565015f29e"}
充值成功2024-06-04 06:18:23 PUT: 
2024-06-04 06:18:23 POST: {"money":"100","coin_code":"USDT","coin_rate":"1","coin_amount":"100","appid":"NV76IJEJITY7RSZ6","type":"order","order_num":"S1717496208412108","t_order_num":"SY2406040616472188","stamp":"1717496302","user_id":"0","signature":"57e40db3dcad1bf39fc2688b30bdca12"}
充值成功2024-06-04 07:32:27 PUT: 
2024-06-04 07:32:27 POST: {"money":"114","coin_code":"USDT","coin_rate":"1","coin_amount":"114","appid":"NV76IJEJITY7RSZ6","type":"order","order_num":"S1717500617141563","t_order_num":"SY2406040730173446","stamp":"1717500746","user_id":"0","signature":"8382b71a8a11484557cb09e4446362dc"}
充值成功2024-06-04 07:43:03 PUT: 
2024-06-04 07:43:03 POST: {"money":"172","coin_code":"USDT","coin_rate":"1","coin_amount":"172","appid":"NV76IJEJITY7RSZ6","type":"order","order_num":"S1717501314254261","t_order_num":"SY2406040741546199","stamp":"1717501382","user_id":"0","signature":"7ee2468eaaa01290484d5e4e2f7ac9f8"}
充值成功2024-06-04 08:54:31 PUT: 
2024-06-04 08:54:31 POST: {"money":"256","coin_code":"USDT","coin_rate":"1","coin_amount":"256","appid":"NV76IJEJITY7RSZ6","type":"order","order_num":"S1717505603696331","t_order_num":"SY2406040853231616","stamp":"1717505670","user_id":"0","signature":"aae9b4d7012d7493849cf2a6e163e2fb"}
充值成功2024-06-04 09:33:01 PUT: 
2024-06-04 09:33:01 POST: {"money":"113","coin_code":"USDT","coin_rate":"1","coin_amount":"113","appid":"NV76IJEJITY7RSZ6","type":"order","order_num":"S1717507838547244","t_order_num":"SY2406040930389009","stamp":"1717507981","user_id":"0","signature":"00517ebce02cadc3228d10d51f97a60f"}
充值成功2024-06-04 09:41:52 PUT: 
2024-06-04 09:41:52 POST: {"money":"56","coin_code":"USDT","coin_rate":"1","coin_amount":"56","appid":"NV76IJEJITY7RSZ6","type":"order","order_num":"S1717508439735038","t_order_num":"SY2406040940399672","stamp":"1717508512","user_id":"0","signature":"22b0165888e0a43d109bcb377b76b792"}
充值成功2024-06-04 11:39:27 PUT: 
2024-06-04 11:39:27 POST: {"money":"499","coin_code":"USDT","coin_rate":"1","coin_amount":"499","appid":"NV76IJEJITY7RSZ6","type":"order","order_num":"S1717515459106634","t_order_num":"SY2406041137397496","stamp":"1717515566","user_id":"0","signature":"03cbba0167f4f891c2b1161be8b2b56f"}
充值成功2024-06-04 11:42:08 PUT: 
2024-06-04 11:42:08 POST: {"money":"130","coin_code":"USDT","coin_rate":"1","coin_amount":"130","appid":"NV76IJEJITY7RSZ6","type":"order","order_num":"S1717515596117437","t_order_num":"SY2406041139564032","stamp":"1717515728","user_id":"0","signature":"ebff0dddd04cb26eb42a638fdf96d326"}
充值成功2024-06-04 13:15:37 PUT: 
2024-06-04 13:15:37 POST: {"money":"47","coin_code":"USDT","coin_rate":"1","coin_amount":"47","appid":"NV76IJEJITY7RSZ6","type":"order","order_num":"S1717521144349104","t_order_num":"SY2406041312212472","stamp":"1717521336","user_id":"0","signature":"f35c4cff5e5141eee2085d16947443a6"}
充值成功2024-06-04 14:03:32 PUT: 
2024-06-04 14:03:32 POST: {"money":"46","coin_code":"USDT","coin_rate":"1","coin_amount":"46","appid":"NV76IJEJITY7RSZ6","type":"order","order_num":"S1717524064739856","t_order_num":"SY2406041401043910","stamp":"1717524211","user_id":"0","signature":"695bce04f64a4d9d99cd599c061ffeb9"}
充值成功2024-06-05 00:06:00 PUT: 
2024-06-05 00:06:00 POST: {"money":"120","coin_code":"USDT","coin_rate":"1","coin_amount":"120","appid":"NV76IJEJITY7RSZ6","type":"order","order_num":"S1717560247883212","t_order_num":"SY2406050004062466","stamp":"1717560360","user_id":"0","signature":"2bc2f9435c81e9905e0e6b3399d78781"}
充值成功2024-06-05 04:04:28 PUT: 
2024-06-05 04:04:28 POST: {"money":"248","coin_code":"USDT","coin_rate":"1","coin_amount":"248","appid":"NV76IJEJITY7RSZ6","type":"order","order_num":"S1717574512783853","t_order_num":"SY2406050401524717","stamp":"1717574667","user_id":"0","signature":"043f3ffcd7832f8c9bca06c1b5426f06"}
充值成功2024-06-05 05:03:08 PUT: 
2024-06-05 05:03:08 POST: {"money":"1199","coin_code":"USDT","coin_rate":"1","coin_amount":"1199","appid":"NV76IJEJITY7RSZ6","type":"order","order_num":"S1717578010750142","t_order_num":"SY2406050500106670","stamp":"1717578187","user_id":"0","signature":"69542a0354b60c37da10327027da44fe"}
充值成功2024-06-05 05:15:08 PUT: 
2024-06-05 05:15:08 POST: {"money":"220","coin_code":"USDT","coin_rate":"1","coin_amount":"220","appid":"NV76IJEJITY7RSZ6","type":"order","order_num":"S1717578826264437","t_order_num":"SY2406050513469172","stamp":"1717578907","user_id":"0","signature":"00f787c4983df19cc5f92becc228220b"}
充值成功2024-06-05 05:27:26 PUT: 
2024-06-05 05:27:26 POST: {"money":"150","coin_code":"USDT","coin_rate":"1","coin_amount":"150","appid":"NV76IJEJITY7RSZ6","type":"order","order_num":"S1717579597380811","t_order_num":"SY2406050526372700","stamp":"1717579646","user_id":"0","signature":"5fb41af897d2664875d0e198aa4e4cb6"}
充值成功2024-06-05 05:34:08 PUT: 
2024-06-05 05:34:08 POST: {"money":"120","coin_code":"USDT","coin_rate":"1","coin_amount":"120","appid":"NV76IJEJITY7RSZ6","type":"order","order_num":"S1717579790499527","t_order_num":"SY2406050529505286","stamp":"1717580048","user_id":"0","signature":"8b508d4807e6ee0d2fb4248fe8001dc9"}
充值成功2024-06-05 06:34:39 PUT: 
2024-06-05 06:34:39 POST: {"money":"1741","coin_code":"USDT","coin_rate":"1","coin_amount":"1741","appid":"NV76IJEJITY7RSZ6","type":"order","order_num":"S1717583437876647","t_order_num":"SY2406050630378583","stamp":"1717583678","user_id":"0","signature":"a75c0edf70c123f04ec6e83f53bd8319"}
充值成功2024-06-05 06:45:57 PUT: 
2024-06-05 06:45:57 POST: {"money":"725","coin_code":"USDT","coin_rate":"1","coin_amount":"725","appid":"NV76IJEJITY7RSZ6","type":"order","order_num":"S1717584290731556","t_order_num":"SY2406050644504333","stamp":"1717584357","user_id":"0","signature":"e4f9d8db411454d0568a8bc631a3fe6b"}
充值成功2024-06-05 07:13:42 PUT: 
2024-06-05 07:13:42 POST: {"money":"97","coin_code":"USDT","coin_rate":"1","coin_amount":"97","appid":"NV76IJEJITY7RSZ6","type":"order","order_num":"S1717585927726235","t_order_num":"SY2406050712073927","stamp":"1717586022","user_id":"0","signature":"02174bee8950ab70f1a2a6020e023517"}
充值成功2024-06-05 08:07:52 PUT: 
2024-06-05 08:07:52 POST: {"money":"454","coin_code":"USDT","coin_rate":"1","coin_amount":"454","appid":"NV76IJEJITY7RSZ6","type":"order","order_num":"S1717589202497991","t_order_num":"SY2406050806422577","stamp":"1717589272","user_id":"0","signature":"f8222e39654c4c8e163bc3e3e1b48084"}
充值成功2024-06-06 04:24:33 PUT: 
2024-06-06 04:24:33 POST: {"money":"200","coin_code":"USDT","coin_rate":"1","coin_amount":"200","appid":"NV76IJEJITY7RSZ6","type":"order","order_num":"S1717661890121493","t_order_num":"SY2406060418106870","stamp":"1717662273","user_id":"0","signature":"c9d9d474b33562b1f203874b84a9ae5c"}
充值成功2024-06-06 07:21:14 PUT: 
2024-06-06 07:21:14 POST: {"money":"1346","coin_code":"USDT","coin_rate":"1","coin_amount":"1346","appid":"NV76IJEJITY7RSZ6","type":"order","order_num":"S1717672811468801","t_order_num":"SY2406060720111058","stamp":"1717672874","user_id":"0","signature":"ddc3e51615e4d5ad88c7f84298de36d6"}
充值成功2024-06-06 08:48:48 PUT: 
2024-06-06 08:48:48 POST: {"money":"2598","coin_code":"USDT","coin_rate":"1","coin_amount":"2598","appid":"NV76IJEJITY7RSZ6","type":"order","order_num":"S1717678059307692","t_order_num":"SY2406060847396286","stamp":"1717678128","user_id":"0","signature":"042114331cf3c69e3c719bb53a80e9a6"}
充值成功2024-06-06 13:51:41 PUT: 
2024-06-06 13:51:41 POST: {"money":"158","coin_code":"USDT","coin_rate":"1","coin_amount":"158","appid":"NV76IJEJITY7RSZ6","type":"order","order_num":"S1717696072727645","t_order_num":"SY2406061347525956","stamp":"1717696300","user_id":"0","signature":"f148548e49cc974b8e2459a6de95369c"}
充值成功2024-06-07 08:08:47 PUT: 
2024-06-07 08:08:47 POST: {"money":"21","coin_code":"USDT","coin_rate":"1","coin_amount":"21","appid":"NV76IJEJITY7RSZ6","type":"order","order_num":"S1717762043690970","t_order_num":"SY2406070807224096","stamp":"1717762126","user_id":"0","signature":"f003519bf499ba75e8268560e539f8c0"}
充值成功2024-06-07 10:39:55 PUT: 
2024-06-07 10:39:55 POST: {"money":"2333","coin_code":"USDT","coin_rate":"1","coin_amount":"2333","appid":"NV76IJEJITY7RSZ6","type":"order","order_num":"S1717771114510075","t_order_num":"SY2406071038338644","stamp":"1717771194","user_id":"0","signature":"febf65ec32039a7badbff98b50df2ce9"}
充值成功2024-06-07 17:12:39 PUT: 
2024-06-07 17:12:39 POST: {"money":"2607","coin_code":"USDT","coin_rate":"1","coin_amount":"2607","appid":"NV76IJEJITY7RSZ6","type":"order","order_num":"S1717794701975650","t_order_num":"SY2406071711418392","stamp":"1717794759","user_id":"0","signature":"dbaca2f59b20f8662e60484b96f6098d"}
充值成功2024-06-08 04:16:51 PUT: 
2024-06-08 04:16:51 POST: {"money":"51","coin_code":"USDT","coin_rate":"1","coin_amount":"51","appid":"NV76IJEJITY7RSZ6","type":"order","order_num":"S1717834387225310","t_order_num":"SY2406080413064166","stamp":"1717834610","user_id":"0","signature":"7b277b32dfd87db948763e01a8956001"}
充值成功2024-06-09 09:59:18 PUT: 
2024-06-09 09:59:18 POST: {"money":"32","coin_code":"USDT","coin_rate":"1","coin_amount":"32","appid":"NV76IJEJITY7RSZ6","type":"order","order_num":"S1717941371922576","t_order_num":"SY2406090956112886","stamp":"1717941557","user_id":"0","signature":"9d1bd2df421065cfc2b6c777e395fec1"}
充值成功2024-06-09 10:05:48 PUT: 
2024-06-09 10:05:48 POST: {"money":"70","coin_code":"USDT","coin_rate":"1","coin_amount":"70","appid":"NV76IJEJITY7RSZ6","type":"order","order_num":"S1717941825259722","t_order_num":"SY2406091003455893","stamp":"1717941947","user_id":"0","signature":"3eab15963a26feee823a482a7d2315e6"}
充值成功2024-06-09 10:06:30 PUT: 
2024-06-09 10:06:30 POST: {"money":"61","coin_code":"USDT","coin_rate":"1","coin_amount":"61","appid":"NV76IJEJITY7RSZ6","type":"order","order_num":"S1717941843182501","t_order_num":"SY2406091004032673","stamp":"1717941989","user_id":"0","signature":"47645dc4b249464e67ece5990c0e7508"}
充值成功2024-06-10 13:13:31 PUT: 
2024-06-10 13:13:31 POST: {"money":"413.56","coin_code":"USDT","coin_rate":"1","coin_amount":"413.56","appid":"NV76IJEJITY7RSZ6","type":"order","order_num":"S1718039489188326","t_order_num":"SY2406101311281746","stamp":"1718039611","user_id":"0","signature":"2caef3be9e467678587a419519f137f5"}
充值成功